Copyright 1986-2017 Xilinx, Inc. All Rights Reserved.
------------------------------------------------------------------------------------
| Tool Version : Vivado v.2017.3 (win64) Build 2018833 Wed Oct  4 19:58:22 MDT 2017
| Date         : Tue May 15 16:09:28 2018
| Host         : d01-0209 running 64-bit major release  (build 9200)
| Command      : report_control_sets -file TOP_control_sets_placed.rpt
| Design       : TOP
| Device       : xc7k325t
------------------------------------------------------------------------------------

Control Set Information

Table of Contents
-----------------
1. Summary
2. Flip-Flop Distribution

1. Summary
----------

+-------------------------------+-------+
|             Status            | Count |
+-------------------------------+-------+
| Number of unique control sets |  1616 |
+-------------------------------+-------+


2. Flip-Flop Distribution
-------------------------

+--------------+-----------------------+------------------------+-----------------+--------------+
| Clock Enable | Synchronous Set/Reset | Asynchronous Set/Reset | Total Registers | Total Slices |
+--------------+-----------------------+------------------------+-----------------+--------------+
| No           | No                    | No                     |           15742 |         4595 |
| No           | No                    | Yes                    |             526 |          143 |
| No           | Yes                   | No                     |            6306 |         2269 |
| Yes          | No                    | No                     |            9314 |         2674 |
| Yes          | No                    | Yes                    |             285 |           67 |
| Yes          | Yes                   | No                     |           11103 |         3163 |
+--------------+-----------------------+------------------------+-----------------+--------------+


